# JRE version: Java(TM) SE Runtime Environment (8.0_101-b13) (build 1.8.0_101-b13)
# Java VM: Java HotSpot(TM) 64-Bit Server VM (25.101-b13 mixed mode windows-amd64 compressed oops)
Heap:
 PSYoungGen      total 540160K, used 414421K [0x00000000d5e00000, 0x00000000ff980000, 0x0000000100000000)
  eden space 395776K, 100% used [0x00000000d5e00000,0x00000000ee080000,0x00000000ee080000)
  from space 144384K, 12% used [0x00000000ee080000,0x00000000ef2b5718,0x00000000f6d80000)
  to   space 141312K, 0% used [0x00000000f6f80000,0x00000000f6f80000,0x00000000ff980000)
 ParOldGen       total 1373184K, used 424046K [0x0000000081a00000, 0x00000000d5700000, 0x00000000d5e00000)
  object space 1373184K, 30% used [0x0000000081a00000,0x000000009b81ba68,0x00000000d5700000)
 Metaspace       used 20304K, capacity 21548K, committed 21888K, reserved 1069056K
  class space    used 2861K, capacity 3094K, committed 3200K, reserved 1048576K
GC Heap History (10 events):
Event: 1544.245 GC heap before
{Heap before GC invocations=1945 (full 80):
 PSYoungGen      total 533504K, used 416076K [0x00000000d5e00000, 0x0000000100000000, 0x0000000100000000)
  eden space 379904K, 100% used [0x00000000d5e00000,0x00000000ed100000,0x00000000ed100000)
  from space 153600K, 23% used [0x00000000f6500000,0x00000000f8853240,0x00000000ffb00000)
  to   space 151552K, 0% used [0x00000000ed100000,0x00000000ed100000,0x00000000f6500000)
 ParOldGen       total 1373184K, used 424046K [0x0000000081a00000, 0x00000000d5700000, 0x00000000d5e00000)
  object space 1373184K, 30% used [0x0000000081a00000,0x000000009b81ba68,0x00000000d5700000)
 Metaspace       used 20304K, capacity 21548K, committed 21888K, reserved 1069056K
  class space    used 2861K, capacity 3094K, committed 3200K, reserved 1048576K
Event: 1544.273 GC heap after
Heap after GC invocations=1945 (full 80):
 PSYoungGen      total 531456K, used 37974K [0x00000000d5e00000, 0x00000000ff900000, 0x0000000100000000)
  eden space 379904K, 0% used [0x00000000d5e00000,0x00000000d5e00000,0x00000000ed100000)
  from space 151552K, 25% used [0x00000000ed100000,0x00000000ef615a80,0x00000000f6500000)
  to   space 148992K, 0% used [0x00000000f6780000,0x00000000f6780000,0x00000000ff900000)
 ParOldGen       total 1373184K, used 424046K [0x0000000081a00000, 0x00000000d5700000, 0x00000000d5e00000)
  object space 1373184K, 30% used [0x0000000081a00000,0x000000009b81ba68,0x00000000d5700000)
 Metaspace       used 20304K, capacity 21548K, committed 21888K, reserved 1069056K
  class space    used 2861K, capacity 3094K, committed 3200K, reserved 1048576K
}
Event: 1545.797 GC heap before
{Heap before GC invocations=1946 (full 80):
 PSYoungGen      total 531456K, used 417878K [0x00000000d5e00000, 0x00000000ff900000, 0x0000000100000000)
  eden space 379904K, 100% used [0x00000000d5e00000,0x00000000ed100000,0x00000000ed100000)
  from space 151552K, 25% used [0x00000000ed100000,0x00000000ef615a80,0x00000000f6500000)
  to   space 148992K, 0% used [0x00000000f6780000,0x00000000f6780000,0x00000000ff900000)
 ParOldGen       total 1373184K, used 424046K [0x0000000081a00000, 0x00000000d5700000, 0x00000000d5e00000)
  object space 1373184K, 30% used [0x0000000081a00000,0x000000009b81ba68,0x00000000d5700000)
 Metaspace       used 20304K, capacity 21548K, committed 21888K, reserved 1069056K
  class space    used 2861K, capacity 3094K, committed 3200K, reserved 1048576K
Event: 1545.826 GC heap after
Heap after GC invocations=1946 (full 80):
 PSYoungGen      total 535552K, used 24325K [0x00000000d5e00000, 0x00000000ffa80000, 0x0000000100000000)
  eden space 386560K, 0% used [0x00000000d5e00000,0x00000000d5e00000,0x00000000ed780000)
  from space 148992K, 16% used [0x00000000f6780000,0x00000000f7f41608,0x00000000ff900000)
  to   space 147456K, 0% used [0x00000000ed780000,0x00000000ed780000,0x00000000f6780000)
 ParOldGen       total 1373184K, used 424046K [0x0000000081a00000, 0x00000000d5700000, 0x00000000d5e00000)
  object space 1373184K, 30% used [0x0000000081a00000,0x000000009b81ba68,0x00000000d5700000)
 Metaspace       used 20304K, capacity 21548K, committed 21888K, reserved 1069056K
  class space    used 2861K, capacity 3094K, committed 3200K, reserved 1048576K
}
Event: 1547.365 GC heap before
{Heap before GC invocations=1947 (full 80):
 PSYoungGen      total 535552K, used 410885K [0x00000000d5e00000, 0x00000000ffa80000, 0x0000000100000000)
  eden space 386560K, 100% used [0x00000000d5e00000,0x00000000ed780000,0x00000000ed780000)
  from space 148992K, 16% used [0x00000000f6780000,0x00000000f7f41608,0x00000000ff900000)
  to   space 147456K, 0% used [0x00000000ed780000,0x00000000ed780000,0x00000000f6780000)
 ParOldGen       total 1373184K, used 424046K [0x0000000081a00000, 0x00000000d5700000, 0x00000000d5e00000)
  object space 1373184K, 30% used [0x0000000081a00000,0x000000009b81ba68,0x00000000d5700000)
 Metaspace       used 20304K, capacity 21548K, committed 21888K, reserved 1069056K
  class space    used 2861K, capacity 3094K, committed 3200K, reserved 1048576K
Event: 1547.380 GC heap after
Heap after GC invocations=1947 (full 80):
 PSYoungGen      total 534016K, used 20208K [0x00000000d5e00000, 0x00000000ffc80000, 0x0000000100000000)
  eden space 386560K, 0% used [0x00000000d5e00000,0x00000000d5e00000,0x00000000ed780000)
  from space 147456K, 13% used [0x00000000ed780000,0x00000000eeb3c238,0x00000000f6780000)
  to   space 146432K, 0% used [0x00000000f6d80000,0x00000000f6d80000,0x00000000ffc80000)
 ParOldGen       total 1373184K, used 424046K [0x0000000081a00000, 0x00000000d5700000, 0x00000000d5e00000)
  object space 1373184K, 30% used [0x0000000081a00000,0x000000009b81ba68,0x00000000d5700000)
 Metaspace       used 20304K, capacity 21548K, committed 21888K, reserved 1069056K
  class space    used 2861K, capacity 3094K, committed 3200K, reserved 1048576K
}
Event: 1548.700 GC heap before
{Heap before GC invocations=1948 (full 80):
 PSYoungGen      total 534016K, used 406763K [0x00000000d5e00000, 0x00000000ffc80000, 0x0000000100000000)
  eden space 386560K, 99% used [0x00000000d5e00000,0x00000000ed77ebf8,0x00000000ed780000)
  from space 147456K, 13% used [0x00000000ed780000,0x00000000eeb3c238,0x00000000f6780000)
  to   space 146432K, 0% used [0x00000000f6d80000,0x00000000f6d80000,0x00000000ffc80000)
 ParOldGen       total 1373184K, used 424046K [0x0000000081a00000, 0x00000000d5700000, 0x00000000d5e00000)
  object space 1373184K, 30% used [0x0000000081a00000,0x000000009b81ba68,0x00000000d5700000)
 Metaspace       used 20304K, capacity 21548K, committed 21888K, reserved 1069056K
  class space    used 2861K, capacity 3094K, committed 3200K, reserved 1048576K
Event: 1548.713 GC heap after
Heap after GC invocations=1948 (full 80):
 PSYoungGen      total 540672K, used 16460K [0x00000000d5e00000, 0x00000000ffb00000, 0x0000000100000000)
  eden space 395776K, 0% used [0x00000000d5e00000,0x00000000d5e00000,0x00000000ee080000)
  from space 144896K, 11% used [0x00000000f6d80000,0x00000000f7d93038,0x00000000ffb00000)
  to   space 144384K, 0% used [0x00000000ee080000,0x00000000ee080000,0x00000000f6d80000)
 ParOldGen       total 1373184K, used 424046K [0x0000000081a00000, 0x00000000d5700000, 0x00000000d5e00000)
  object space 1373184K, 30% used [0x0000000081a00000,0x000000009b81ba68,0x00000000d5700000)
 Metaspace       used 20304K, capacity 21548K, committed 21888K, reserved 1069056K
  class space    used 2861K, capacity 3094K, committed 3200K, reserved 1048576K
}
Event: 1550.150 GC heap before
{Heap before GC invocations=1949 (full 80):
 PSYoungGen      total 540672K, used 412236K [0x00000000d5e00000, 0x00000000ffb00000, 0x0000000100000000)
  eden space 395776K, 100% used [0x00000000d5e00000,0x00000000ee080000,0x00000000ee080000)
  from space 144896K, 11% used [0x00000000f6d80000,0x00000000f7d93038,0x00000000ffb00000)
  to   space 144384K, 0% used [0x00000000ee080000,0x00000000ee080000,0x00000000f6d80000)
 ParOldGen       total 1373184K, used 424046K [0x0000000081a00000, 0x00000000d5700000, 0x00000000d5e00000)
  object space 1373184K, 30% used [0x0000000081a00000,0x000000009b81ba68,0x00000000d5700000)
 Metaspace       used 20304K, capacity 21548K, committed 21888K, reserved 1069056K
  class space    used 2861K, capacity 3094K, committed 3200K, reserved 1048576K
Event: 1550.170 GC heap after
Heap after GC invocations=1949 (full 80):
 PSYoungGen      total 540160K, used 18645K [0x00000000d5e00000, 0x00000000ff980000, 0x0000000100000000)
  eden space 395776K, 0% used [0x00000000d5e00000,0x00000000d5e00000,0x00000000ee080000)
  from space 144384K, 12% used [0x00000000ee080000,0x00000000ef2b5718,0x00000000f6d80000)
  to   space 141312K, 0% used [0x00000000f6f80000,0x00000000f6f80000,0x00000000ff980000)
 ParOldGen       total 1373184K, used 424046K [0x0000000081a00000, 0x00000000d5700000, 0x00000000d5e00000)
  object space 1373184K, 30% used [0x0000000081a00000,0x000000009b81ba68,0x00000000d5700000)
 Metaspace       used 20304K, capacity 21548K, committed 21888K, reserved 1069056K
  class space    used 2861K, capacity 3094K, committed 3200K, reserved 1048576K
}

